# JRE version: Java(TM) SE Runtime Environment (8.0_112-b15) (build 1.8.0_112-b15)
# Java VM: Java HotSpot(TM) 64-Bit Server VM (25.112-b15 mixed mode windows-amd64 compressed oops)
Heap:
 PSYoungGen      total 51200K, used 28748K [0x00000007bc400000, 0x00000007c0000000, 0x00000007c0000000)
  eden space 41984K, 53% used [0x00000007bc400000,0x00000007bd9ce488,0x00000007bed00000)
  from space 9216K, 69% used [0x00000007bf700000,0x00000007bfd44cd8,0x00000007c0000000)
  to   space 9728K, 0% used [0x00000007bed00000,0x00000007bed00000,0x00000007bf680000)
 ParOldGen       total 90624K, used 48456K [0x0000000700000000, 0x0000000705880000, 0x00000007bc400000)
  object space 90624K, 53% used [0x0000000700000000,0x0000000702f523b0,0x0000000705880000)
 Metaspace       used 72632K, capacity 73356K, committed 73856K, reserved 1114112K
  class space    used 9895K, capacity 10032K, committed 10112K, reserved 1048576K
GC Heap History (10 events):
Event: 2638.050 GC heap before
{Heap before GC invocations=200 (full 48):
 PSYoungGen      total 53248K, used 48667K [0x00000007bc400000, 0x00000007c0000000, 0x00000007c0000000)
  eden space 45056K, 100% used [0x00000007bc400000,0x00000007bf000000,0x00000007bf000000)
  from space 8192K, 44% used [0x00000007bf000000,0x00000007bf386cc8,0x00000007bf800000)
  to   space 7680K, 0% used [0x00000007bf880000,0x00000007bf880000,0x00000007c0000000)
 ParOldGen       total 90624K, used 47898K [0x0000000700000000, 0x0000000705880000, 0x00000007bc400000)
  object space 90624K, 52% used [0x0000000700000000,0x0000000702ec68d0,0x0000000705880000)
 Metaspace       used 72480K, capacity 73164K, committed 73856K, reserved 1114112K
  class space    used 9895K, capacity 10032K, committed 10112K, reserved 1048576K
Event: 2638.058 GC heap after
Heap after GC invocations=200 (full 48):
 PSYoungGen      total 51712K, used 6691K [0x00000007bc400000, 0x00000007c0000000, 0x00000007c0000000)
  eden space 44032K, 0% used [0x00000007bc400000,0x00000007bc400000,0x00000007bef00000)
  from space 7680K, 87% used [0x00000007bf880000,0x00000007bff08da8,0x00000007c0000000)
  to   space 8704K, 0% used [0x00000007bef00000,0x00000007bef00000,0x00000007bf780000)
 ParOldGen       total 90624K, used 47922K [0x0000000700000000, 0x0000000705880000, 0x00000007bc400000)
  object space 90624K, 52% used [0x0000000700000000,0x0000000702ecc8d0,0x0000000705880000)
 Metaspace       used 72480K, capacity 73164K, committed 73856K, reserved 1114112K
  class space    used 9895K, capacity 10032K, committed 10112K, reserved 1048576K
}
Event: 2642.198 GC heap before
{Heap before GC invocations=201 (full 48):
 PSYoungGen      total 51712K, used 50723K [0x00000007bc400000, 0x00000007c0000000, 0x00000007c0000000)
  eden space 44032K, 100% used [0x00000007bc400000,0x00000007bef00000,0x00000007bef00000)
  from space 7680K, 87% used [0x00000007bf880000,0x00000007bff08da8,0x00000007c0000000)
  to   space 8704K, 0% used [0x00000007bef00000,0x00000007bef00000,0x00000007bf780000)
 ParOldGen       total 90624K, used 47922K [0x0000000700000000, 0x0000000705880000, 0x00000007bc400000)
  object space 90624K, 52% used [0x0000000700000000,0x0000000702ecc8d0,0x0000000705880000)
 Metaspace       used 72516K, capacity 73228K, committed 73856K, reserved 1114112K
  class space    used 9895K, capacity 10032K, committed 10112K, reserved 1048576K
Event: 2642.206 GC heap after
Heap after GC invocations=201 (full 48):
 PSYoungGen      total 52736K, used 6115K [0x00000007bc400000, 0x00000007c0000000, 0x00000007c0000000)
  eden space 44032K, 0% used [0x00000007bc400000,0x00000007bc400000,0x00000007bef00000)
  from space 8704K, 70% used [0x00000007bef00000,0x00000007bf4f8da8,0x00000007bf780000)
  to   space 8704K, 0% used [0x00000007bf780000,0x00000007bf780000,0x00000007c0000000)
 ParOldGen       total 90624K, used 48278K [0x0000000700000000, 0x0000000705880000, 0x00000007bc400000)
  object space 90624K, 53% used [0x0000000700000000,0x0000000702f258e0,0x0000000705880000)
 Metaspace       used 72516K, capacity 73228K, committed 73856K, reserved 1114112K
  class space    used 9895K, capacity 10032K, committed 10112K, reserved 1048576K
}
Event: 2650.015 GC heap before
{Heap before GC invocations=202 (full 48):
 PSYoungGen      total 52736K, used 50147K [0x00000007bc400000, 0x00000007c0000000, 0x00000007c0000000)
  eden space 44032K, 100% used [0x00000007bc400000,0x00000007bef00000,0x00000007bef00000)
  from space 8704K, 70% used [0x00000007bef00000,0x00000007bf4f8da8,0x00000007bf780000)
  to   space 8704K, 0% used [0x00000007bf780000,0x00000007bf780000,0x00000007c0000000)
 ParOldGen       total 90624K, used 48278K [0x0000000700000000, 0x0000000705880000, 0x00000007bc400000)
  object space 90624K, 53% used [0x0000000700000000,0x0000000702f258e0,0x0000000705880000)
 Metaspace       used 72549K, capacity 73228K, committed 73856K, reserved 1114112K
  class space    used 9895K, capacity 10032K, committed 10112K, reserved 1048576K
Event: 2650.024 GC heap after
Heap after GC invocations=202 (full 48):
 PSYoungGen      total 51712K, used 6533K [0x00000007bc400000, 0x00000007c0000000, 0x00000007c0000000)
  eden space 43008K, 0% used [0x00000007bc400000,0x00000007bc400000,0x00000007bee00000)
  from space 8704K, 75% used [0x00000007bf780000,0x00000007bfde1410,0x00000007c0000000)
  to   space 9216K, 0% used [0x00000007bee00000,0x00000007bee00000,0x00000007bf700000)
 ParOldGen       total 90624K, used 48392K [0x0000000700000000, 0x0000000705880000, 0x00000007bc400000)
  object space 90624K, 53% used [0x0000000700000000,0x0000000702f423b0,0x0000000705880000)
 Metaspace       used 72549K, capacity 73228K, committed 73856K, reserved 1114112K
  class space    used 9895K, capacity 10032K, committed 10112K, reserved 1048576K
}
Event: 2651.286 GC heap before
{Heap before GC invocations=203 (full 48):
 PSYoungGen      total 51712K, used 49541K [0x00000007bc400000, 0x00000007c0000000, 0x00000007c0000000)
  eden space 43008K, 100% used [0x00000007bc400000,0x00000007bee00000,0x00000007bee00000)
  from space 8704K, 75% used [0x00000007bf780000,0x00000007bfde1410,0x00000007c0000000)
  to   space 9216K, 0% used [0x00000007bee00000,0x00000007bee00000,0x00000007bf700000)
 ParOldGen       total 90624K, used 48392K [0x0000000700000000, 0x0000000705880000, 0x00000007bc400000)
  object space 90624K, 53% used [0x0000000700000000,0x0000000702f423b0,0x0000000705880000)
 Metaspace       used 72563K, capacity 73228K, committed 73856K, reserved 1114112K
  class space    used 9895K, capacity 10032K, committed 10112K, reserved 1048576K
Event: 2651.294 GC heap after
Heap after GC invocations=203 (full 48):
 PSYoungGen      total 52224K, used 6467K [0x00000007bc400000, 0x00000007c0000000, 0x00000007c0000000)
  eden space 43008K, 0% used [0x00000007bc400000,0x00000007bc400000,0x00000007bee00000)
  from space 9216K, 70% used [0x00000007bee00000,0x00000007bf450da8,0x00000007bf700000)
  to   space 9216K, 0% used [0x00000007bf700000,0x00000007bf700000,0x00000007c0000000)
 ParOldGen       total 90624K, used 48424K [0x0000000700000000, 0x0000000705880000, 0x00000007bc400000)
  object space 90624K, 53% used [0x0000000700000000,0x0000000702f4a3b0,0x0000000705880000)
 Metaspace       used 72563K, capacity 73228K, committed 73856K, reserved 1114112K
  class space    used 9895K, capacity 10032K, committed 10112K, reserved 1048576K
}
Event: 2657.124 GC heap before
{Heap before GC invocations=204 (full 48):
 PSYoungGen      total 52224K, used 49475K [0x00000007bc400000, 0x00000007c0000000, 0x00000007c0000000)
  eden space 43008K, 100% used [0x00000007bc400000,0x00000007bee00000,0x00000007bee00000)
  from space 9216K, 70% used [0x00000007bee00000,0x00000007bf450da8,0x00000007bf700000)
  to   space 9216K, 0% used [0x00000007bf700000,0x00000007bf700000,0x00000007c0000000)
 ParOldGen       total 90624K, used 48424K [0x0000000700000000, 0x0000000705880000, 0x00000007bc400000)
  object space 90624K, 53% used [0x0000000700000000,0x0000000702f4a3b0,0x0000000705880000)
 Metaspace       used 72627K, capacity 73356K, committed 73856K, reserved 1114112K
  class space    used 9895K, capacity 10032K, committed 10112K, reserved 1048576K
Event: 2657.132 GC heap after
Heap after GC invocations=204 (full 48):
 PSYoungGen      total 51200K, used 6419K [0x00000007bc400000, 0x00000007c0000000, 0x00000007c0000000)
  eden space 41984K, 0% used [0x00000007bc400000,0x00000007bc400000,0x00000007bed00000)
  from space 9216K, 69% used [0x00000007bf700000,0x00000007bfd44cd8,0x00000007c0000000)
  to   space 9728K, 0% used [0x00000007bed00000,0x00000007bed00000,0x00000007bf680000)
 ParOldGen       total 90624K, used 48456K [0x0000000700000000, 0x0000000705880000, 0x00000007bc400000)
  object space 90624K, 53% used [0x0000000700000000,0x0000000702f523b0,0x0000000705880000)
 Metaspace       used 72627K, capacity 73356K, committed 73856K, reserved 1114112K
  class space    used 9895K, capacity 10032K, committed 10112K, reserved 1048576K
}

